<plugin
	name="test-common"
	package="wbs.test.common">

	<plugin-dependencies>
		<plugin-dependency name="platform-common"/>
	</plugin-dependencies>

	<fixtures>
		<fixture name="testCommon"/>
	</fixtures>

</plugin>
