<plugin
	name="test-common"
	package="common">

	<fixtures>
		<fixture name="testCommon"/>
	</fixtures>

</plugin>
